<?xml version="1.0" encoding="UTF-8" ?>
<testsuite tests="11" failures="0" name="com.sg.vendingmachine.service.ServiceTest" time="0.011" errors="0" skipped="0">
  <properties>
[...]
</properties>
  <testcase classname="com.sg.vendingmachine.service.ServiceTest" name="testReduceInventory" time="0"/>
  <testcase classname="com.sg.vendingmachine.service.ServiceTest" name="testAddItemsAndListAllItems" time="0"/>
  <testcase classname="com.sg.vendingmachine.service.ServiceTest" name="testSetSelectedItemPrice" time="0.001"/>
  <testcase classname="com.sg.vendingmachine.service.ServiceTest" name="testSetDepositAmount" time="0"/>
  <testcase classname="com.sg.vendingmachine.service.ServiceTest" name="testSetDepositAmount2" time="0.001"/>
  <testcase classname="com.sg.vendingmachine.service.ServiceTest" name="testSetDepositAmount3" time="0"/>
  <testcase classname="com.sg.vendingmachine.service.ServiceTest" name="testSetDepositAmount4" time="0"/>
  <testcase classname="com.sg.vendingmachine.service.ServiceTest" name="testMakeChange1" time="0.007"/>
  <testcase classname="com.sg.vendingmachine.service.ServiceTest" name="testGetAmountDue" time="0.001"/>
  <testcase classname="com.sg.vendingmachine.service.ServiceTest" name="testgetSingleItem" time="0.001"/>
  <testcase classname="com.sg.vendingmachine.service.ServiceTest" name="testGetDepositAmount" time="0"/>
</testsuite>